<?xml version="1.0" encoding="UTF-8"?>
<testsuite name="ru.stqa.pft.sandbox.PointTests" tests="1" skipped="0" failures="0" errors="0" timestamp="2021-04-09T14:18:27" hostname="artem-manzar-1" time="0.004">
  <properties/>
  <testcase name="tesDistanceZeroDistance" classname="ru.stqa.pft.sandbox.PointTests" time="0.004"/>
  <system-out><![CDATA[]]></system-out>
  <system-err><![CDATA[]]></system-err>
</testsuite>
