<?xml version="1.0" encoding="UTF-8"?>
<testsuite name="ru.stqa.pft.addressbook.GroupCreationTests" tests="1" skipped="0" failures="0" errors="0" timestamp="2021-04-17T11:30:26" hostname="artem-manzar-1" time="1.485">
  <properties/>
  <testcase name="testGroupCreationTests" classname="ru.stqa.pft.addressbook.GroupCreationTests" time="1.485"/>
  <system-out><![CDATA[]]></system-out>
  <system-err><![CDATA[SLF4J: Failed to load class "org.slf4j.impl.StaticLoggerBinder".
SLF4J: Defaulting to no-operation (NOP) logger implementation
SLF4J: See http://www.slf4j.org/codes.html#StaticLoggerBinder for further details.
Starting ChromeDriver 89.0.4389.23 (61b08ee2c50024bab004e48d2b1b083cdbdac579-refs/branch-heads/4389@{#294}) on port 31509
Only local connections are allowed.
Please see https://chromedriver.chromium.org/security-considerations for suggestions on keeping ChromeDriver safe.
[1618659022.767][WARNING]: FromSockAddr failed on netmask
ChromeDriver was started successfully.
[1618659025.941][WARNING]: This version of ChromeDriver has not been tested with Chrome version 90.
апр 17, 2021 2:30:26 PM org.openqa.selenium.remote.ProtocolHandshake createSession
INFO: Detected dialect: W3C
апр 17, 2021 2:30:26 PM org.openqa.selenium.devtools.CdpVersionFinder findNearestMatch
INFO: Found exact CDP implementation for version 90
]]></system-err>
</testsuite>
